C51 COMPILER V9.60.7.0   LED                                                               09/14/2024 17:29:07 PAGE 1   


C51 COMPILER V9.60.7.0, COMPILATION OF MODULE LED
OBJECT MODULE PLACED IN .\Objects\led.obj
COMPILER INVOKED BY: D:\Embedded\Vdk\KeilC\1. Mainprogram\C51\BIN\C51.EXE led.c OPTIMIZE(8,SPEED) BROWSE DEBUG OBJECTEXT
                    -END PRINT(.\Listings\led.lst) TABS(2) OBJECT(.\Objects\led.obj)

line level    source

   1          #include <REGX51.H>
   2          
   3          sbit LED_PIN = P2^7;
   4          
   5          void delay(unsigned int ms);
   6          
   7          int main ()
   8          {
   9   1          
  10   1          while(1)
  11   1          {
  12   2            LED_PIN = !LED_PIN;
  13   2            delay(500);
  14   2          }
  15   1          
  16   1      }
  17          
  18          void delay(unsigned int ms)
  19          {
  20   1          unsigned int i,j;
  21   1          
  22   1          for (i=0;i<ms;i++)
  23   1          {
  24   2            for (j = 0;j<124;j++);
  25   2            
  26   2          }
  27   1        
  28   1      }
  29          


MODULE INFORMATION:   STATIC OVERLAYABLE
   CODE SIZE        =     43    ----
   CONSTANT SIZE    =   ----    ----
   XDATA SIZE       =   ----    ----
   PDATA SIZE       =   ----    ----
   DATA SIZE        =   ----    ----
   IDATA SIZE       =   ----    ----
   BIT SIZE         =   ----    ----
END OF MODULE INFORMATION.


C51 COMPILATION COMPLETE.  0 WARNING(S),  0 ERROR(S)
